============================= test session starts =============================
platform win32 -- Python 3.12.14, pytest-9.1.1, pluggy-1.6.0 -- <worktree>\.venv\Scripts\python.exe
cachedir: .pytest_cache
rootdir: <worktree>
collecting ... collected 117 items

tests/test_config.py::test_catalogo_tem_exatamente_as_variaveis_do_contrato PASSED [  0%]
tests/test_config.py::test_variavel_tem_descricao_e_onde_obter_uteis[CANAIS_ATIVOS] PASSED [  1%]
tests/test_config.py::test_variavel_tem_descricao_e_onde_obter_uteis[DB_PATH] PASSED [  2%]
tests/test_config.py::test_variavel_tem_descricao_e_onde_obter_uteis[INBOX_DIR] PASSED [  3%]
tests/test_config.py::test_variavel_tem_descricao_e_onde_obter_uteis[LOG_DIR] PASSED [  4%]
tests/test_config.py::test_variavel_tem_descricao_e_onde_obter_uteis[LOG_LEVEL] PASSED [  5%]
tests/test_config.py::test_variavel_tem_descricao_e_onde_obter_uteis[MODO_EXECUCAO] PASSED [  5%]
tests/test_config.py::test_variavel_tem_descricao_e_onde_obter_uteis[OUT_DIR] PASSED [  6%]
tests/test_config.py::test_variavel_tem_descricao_e_onde_obter_uteis[TELEGRAM_API_BASE] PASSED [  7%]
tests/test_config.py::test_variavel_tem_descricao_e_onde_obter_uteis[TELEGRAM_BOT_TOKEN] PASSED [  8%]
tests/test_config.py::test_variavel_tem_descricao_e_onde_obter_uteis[TELEGRAM_CHAT_ID] PASSED [  9%]
tests/test_config.py::test_variavel_tem_descricao_e_onde_obter_uteis[TELEGRAM_TIMEOUT_S] PASSED [ 10%]
tests/test_config.py::test_variavel_tem_descricao_e_onde_obter_uteis[WHATSAPP_API_BASE] PASSED [ 11%]
tests/test_config.py::test_variavel_tem_descricao_e_onde_obter_uteis[WHATSAPP_PHONE_NUMBER_ID] PASSED [ 11%]
tests/test_config.py::test_variavel_tem_descricao_e_onde_obter_uteis[WHATSAPP_TOKEN] PASSED [ 12%]
tests/test_config.py::test_variavel_tem_descricao_e_onde_obter_uteis[WHATSAPP_VERIFY_TOKEN] PASSED [ 13%]
tests/test_config.py::test_variavel_tem_descricao_e_onde_obter_uteis[WHATSAPP_WEBHOOK_DIR] PASSED [ 14%]
tests/test_config.py::test_obrigatoriedade_sensibilidade_e_padrao_batem_com_o_contrato[CANAIS_ATIVOS] PASSED [ 15%]
tests/test_config.py::test_obrigatoriedade_sensibilidade_e_padrao_batem_com_o_contrato[DB_PATH] PASSED [ 16%]
tests/test_config.py::test_obrigatoriedade_sensibilidade_e_padrao_batem_com_o_contrato[INBOX_DIR] PASSED [ 17%]
tests/test_config.py::test_obrigatoriedade_sensibilidade_e_padrao_batem_com_o_contrato[LOG_DIR] PASSED [ 17%]
tests/test_config.py::test_obrigatoriedade_sensibilidade_e_padrao_batem_com_o_contrato[LOG_LEVEL] PASSED [ 18%]
tests/test_config.py::test_obrigatoriedade_sensibilidade_e_padrao_batem_com_o_contrato[MODO_EXECUCAO] PASSED [ 19%]
tests/test_config.py::test_obrigatoriedade_sensibilidade_e_padrao_batem_com_o_contrato[OUT_DIR] PASSED [ 20%]
tests/test_config.py::test_obrigatoriedade_sensibilidade_e_padrao_batem_com_o_contrato[TELEGRAM_API_BASE] PASSED [ 21%]
tests/test_config.py::test_obrigatoriedade_sensibilidade_e_padrao_batem_com_o_contrato[TELEGRAM_BOT_TOKEN] PASSED [ 22%]
tests/test_config.py::test_obrigatoriedade_sensibilidade_e_padrao_batem_com_o_contrato[TELEGRAM_CHAT_ID] PASSED [ 23%]
tests/test_config.py::test_obrigatoriedade_sensibilidade_e_padrao_batem_com_o_contrato[TELEGRAM_TIMEOUT_S] PASSED [ 23%]
tests/test_config.py::test_obrigatoriedade_sensibilidade_e_padrao_batem_com_o_contrato[WHATSAPP_API_BASE] PASSED [ 24%]
tests/test_config.py::test_obrigatoriedade_sensibilidade_e_padrao_batem_com_o_contrato[WHATSAPP_PHONE_NUMBER_ID] PASSED [ 25%]
tests/test_config.py::test_obrigatoriedade_sensibilidade_e_padrao_batem_com_o_contrato[WHATSAPP_TOKEN] PASSED [ 26%]
tests/test_config.py::test_obrigatoriedade_sensibilidade_e_padrao_batem_com_o_contrato[WHATSAPP_VERIFY_TOKEN] PASSED [ 27%]
tests/test_config.py::test_obrigatoriedade_sensibilidade_e_padrao_batem_com_o_contrato[WHATSAPP_WEBHOOK_DIR] PASSED [ 28%]
tests/test_config.py::test_variavel_sensivel_nunca_tem_padrao_nem_exemplo PASSED [ 29%]
tests/test_config.py::test_sensiveis_do_catalogo_sao_exatamente_os_tres_segredos_do_contrato PASSED [ 29%]
tests/test_config.py::test_env_aceita_comentario_linha_vazia_export_aspas_e_espacos PASSED [ 30%]
tests/test_config.py::test_env_com_bom_na_primeira_chave_e_lido PASSED   [ 31%]
tests/test_config.py::test_ambiente_do_processo_vence_o_arquivo PASSED   [ 32%]
tests/test_config.py::test_env_arquivo_inexistente_e_erro_explicito PASSED [ 33%]
tests/test_config.py::test_sem_env_nenhum_o_modo_padrao_e_mock_e_isso_nao_e_erro PASSED [ 34%]
tests/test_config.py::test_modo_real_com_credencial_do_canal_ativo_nao_acusa_falta PASSED [ 35%]
tests/test_config.py::test_modo_real_exige_so_as_variaveis_do_canal_ativo PASSED [ 35%]
tests/test_config.py::test_modo_real_com_os_dois_canais_exige_as_cinco_variaveis PASSED [ 36%]
tests/test_config.py::test_chave_com_valor_vazio_conta_como_nao_configurada PASSED [ 37%]
tests/test_config.py::test_configuracao_invalida_aponta_o_campo_e_sai_com_mensagem_clara[MODO_EXECUCAO=producao\n-MODO_EXECUCAO] PASSED [ 38%]
tests/test_config.py::test_configuracao_invalida_aponta_o_campo_e_sai_com_mensagem_clara[MODO_EXECUCAO=real\nCANAIS_ATIVOS=whatsapp,email\n-email] PASSED [ 39%]
tests/test_config.py::test_configuracao_invalida_aponta_o_campo_e_sai_com_mensagem_clara[MODO_EXECUCAO=real\nCANAIS_ATIVOS=,\n-CANAIS_ATIVOS] PASSED [ 40%]
tests/test_config.py::test_configuracao_invalida_aponta_o_campo_e_sai_com_mensagem_clara[LOG_LEVEL=VERBOSE\n-LOG_LEVEL] PASSED [ 41%]
tests/test_config.py::test_timeout_invalido_e_recusado PASSED            [ 41%]
tests/test_config.py::test_caminhos_padrao_do_modo_real_e_do_mock PASSED [ 42%]
tests/test_config.py::test_caminho_absoluto_no_env_nao_e_rebaseado PASSED [ 43%]
tests/test_config.py::test_erro_cita_cada_variavel_faltante_pelo_nome PASSED [ 44%]
tests/test_config.py::test_mensagem_de_erro_nunca_vaza_valor_de_variavel_configurada PASSED [ 45%]
tests/test_config.py::test_mascarar_valor_longo_mostra_so_os_ultimos_quatro PASSED [ 46%]
tests/test_config.py::test_mascarar_vazio_devolve_vazio[] PASSED         [ 47%]
tests/test_config.py::test_mascarar_vazio_devolve_vazio[None] PASSED     [ 47%]
tests/test_config.py::test_mascarar_valor_curto_nao_revela_nada[a] PASSED [ 48%]
tests/test_config.py::test_mascarar_valor_curto_nao_revela_nada[abc] PASSED [ 49%]
tests/test_config.py::test_mascarar_valor_curto_nao_revela_nada[1234567] PASSED [ 50%]
tests/test_config.py::test_mascarar_nunca_devolve_o_valor_completo[segredo] PASSED [ 51%]
tests/test_config.py::test_mascarar_nunca_devolve_o_valor_completo[senha12345678] PASSED [ 52%]
tests/test_config.py::test_mascarar_nunca_devolve_o_valor_completo[EAAGxxxxxxxxxxxxxxxxxxxxxxxxxxxxxxxxxxxxxxxx] PASSED [ 52%]
tests/test_config.py::test_mascarar_nunca_devolve_o_valor_completo[1111111111:yyyyyyyyyyyyyyyyyyyyyyyyyyyyyyyyyyy] PASSED [ 53%]
tests/test_config.py::test_relatorio_de_configuracao_mostra_segredo_apenas_mascarado PASSED [ 54%]
tests/test_config.py::test_exemplo_env_cita_todas_as_variaveis_do_catalogo PASSED [ 55%]
tests/test_config.py::test_exemplo_env_nao_traz_valor_nas_variaveis_sensiveis PASSED [ 56%]
tests/test_config.py::test_exemplo_env_usa_os_placeholders_do_catalogo PASSED [ 57%]
tests/test_config.py::test_flag_mock_da_cli_sobrepoe_env_em_modo_real PASSED [ 58%]
tests/test_config.py::test_flag_real_da_cli_sobrepoe_env_em_modo_mock PASSED [ 58%]
tests/test_config.py::test_check_config_sai_2_e_cita_as_variaveis_quando_a_configuracao_esta_incompleta PASSED [ 59%]
tests/test_canais.py::test_coletar_telegram_grava_um_jsonl_por_coleta_no_formato_do_mock PASSED [ 60%]
tests/test_canais.py::test_envelope_gravado_preserva_acentuacao PASSED   [ 61%]
tests/test_canais.py::test_update_sem_message_nao_vira_lixo_no_arquivo PASSED [ 62%]
tests/test_canais.py::test_filtro_de_chat_id_descarta_conversa_nao_autorizada PASSED [ 63%]
tests/test_canais.py::test_sem_update_do_chat_configurado_nao_grava_e_nao_e_erro PASSED [ 64%]
tests/test_canais.py::test_sem_update_nenhum_nao_e_erro PASSED           [ 64%]
tests/test_canais.py::test_dois_updates_no_mesmo_segundo_nao_se_sobrescrevem PASSED [ 65%]
tests/test_canais.py::test_montagem_da_requisicao_get_updates PASSED     [ 66%]
tests/test_canais.py::test_coleta_usa_urllib_real_contra_stub_local_127_0_0_1 PASSED [ 67%]
tests/test_canais.py::test_http_401_vira_erro_canal_claro_e_sem_vazar_token PASSED [ 68%]
tests/test_canais.py::test_falha_de_rede_vira_erro_canal_sem_url_credenciada PASSED [ 69%]
tests/test_canais.py::test_excecao_generica_do_transporte_vira_erro_canal_citando_as_variaveis PASSED [ 70%]
tests/test_canais.py::test_resposta_ok_false_vira_erro_canal PASSED      [ 70%]
tests/test_canais.py::test_coletar_telegram_sem_token_na_configuracao_e_erro_explicito PASSED [ 71%]
tests/test_canais.py::test_detalhe_de_sucesso_nunca_contem_o_token PASSED [ 72%]
tests/test_canais.py::test_ler_webhook_grava_envelope_com_entry_e_move_o_arquivo PASSED [ 73%]
tests/test_canais.py::test_envelope_de_status_sem_entry_e_descartado_com_explicacao PASSED [ 74%]
tests/test_canais.py::test_mover_false_mantem_o_arquivo_na_pasta_do_webhook PASSED [ 75%]
tests/test_canais.py::test_jsonl_com_varias_linhas_vira_varias_linhas_no_inbox PASSED [ 76%]
tests/test_canais.py::test_linha_invalida_nao_derruba_a_coleta PASSED    [ 76%]
tests/test_canais.py::test_diretorio_de_webhook_ausente_nao_e_erro PASSED [ 77%]
tests/test_canais.py::test_pasta_processados_nao_e_reconsumida PASSED    [ 78%]
tests/test_canais.py::test_detalhe_do_whatsapp_nunca_contem_o_token PASSED [ 79%]
tests/test_canais.py::test_coletar_devolve_um_resultado_por_canal_e_ignora_desconhecido PASSED [ 80%]
tests/test_canais.py::test_coletar_sem_canais_usa_a_configuracao PASSED  [ 81%]
tests/test_canais.py::test_coletar_whatsapp_usa_a_inbox_do_canal PASSED  [ 82%]
tests/test_canais.py::test_receptor_de_webhook_local_ciclo_completo PASSED [ 82%]
tests/test_canais.py::test_modo_real_coleta_e_roda_o_pipeline_com_stub_local PASSED [ 83%]
tests/test_producao.py::test_env_real_nao_esta_versionado_e_esta_no_gitignore PASSED [ 84%]
tests/test_producao.py::test_nao_existe_env_na_raiz_do_projeto PASSED    [ 85%]
tests/test_producao.py::test_nenhum_arquivo_versionado_com_nome_de_segredo PASSED [ 86%]
tests/test_producao.py::test_env_example_existe_nao_e_ignorado_e_o_git_enxerga PASSED [ 87%]
tests/test_producao.py::test_varredura_de_segredo_nos_arquivos_versionados PASSED [ 88%]
tests/test_producao.py::test_scanner_de_segredo_tem_controle_positivo PASSED [ 88%]
tests/test_producao.py::test_env_example_nao_tem_valor_em_variavel_sensivel PASSED [ 89%]
tests/test_producao.py::test_env_example_bate_com_catalogo_e_com_o_gerador PASSED [ 90%]
tests/test_producao.py::test_check_config_com_env_ficticio_sai_0_e_mascara_os_segredos PASSED [ 91%]
tests/test_producao.py::test_check_config_nao_roda_o_pipeline PASSED     [ 92%]
tests/test_producao.py::test_check_config_com_env_inexistente_e_erro_claro PASSED [ 93%]
tests/test_producao.py::test_mock_e_o_padrao_sem_env_e_nao_exige_credencial_nenhuma PASSED [ 94%]
tests/test_producao.py::test_rodada_com_caminhos_temporarios_nao_toca_no_data_do_projeto PASSED [ 94%]
tests/test_producao.py::test_log_em_arquivo_e_append_no_log_dir PASSED   [ 95%]
tests/test_producao.py::test_aviso_de_log_impossivel_nao_derruba_a_rodada PASSED [ 96%]
tests/test_producao.py::test_real_sem_credencial_sai_nao_zero_citando_todas_as_variaveis PASSED [ 97%]
tests/test_producao.py::test_real_sem_credencial_nao_vaza_valor_ja_configurado PASSED [ 98%]
tests/test_producao.py::test_modo_real_com_um_canal_incompleto_nao_cobra_o_outro PASSED [ 99%]
tests/test_producao.py::test_resumo_do_comando_unico_mostra_modo_e_trilha PASSED [100%]

============================ 117 passed in 15.43s =============================
